<?xml version="1.0" encoding="utf-8"?><testsuites name="pytest tests"><testsuite name="pytest" errors="0" failures="0" skipped="0" tests="12" time="52.679" timestamp="2026-09-15T11:23:39.636299+00:00" hostname="agent-env-c67887fa-4165-4889-acc5-c447617b9f97"><testcase classname="tests.test_iteration3" name="test_handle_accepted_custom" time="50.290" /><testcase classname="tests.test_iteration3" name="test_handle_accepted_valid_pattern" time="0.092" /><testcase classname="tests.test_iteration3" name="test_handle_rejected_blocklist" time="0.096" /><testcase classname="tests.test_iteration3" name="test_handle_rejected_too_short" time="0.095" /><testcase classname="tests.test_iteration3" name="test_sniff_returns_shape" time="0.170" /><testcase classname="tests.test_iteration3" name="test_sniff_cached_second_call" time="0.241" /><testcase classname="tests.test_iteration3" name="test_sniff_404_unknown" time="0.085" /><testcase classname="tests.test_iteration3" name="test_quiz_returns_10_no_correct_index" time="0.163" /><testcase classname="tests.test_iteration3" name="test_quiz_cached" time="0.248" /><testcase classname="tests.test_iteration3" name="test_quiz_grade_all_zeros" time="0.255" /><testcase classname="tests.test_iteration3" name="test_quiz_grade_verdict_tiers" time="0.479" /><testcase classname="tests.test_iteration3" name="test_trending_velocity_field" time="0.396" /></testsuite></testsuites>