<?xml version="1.0" encoding="utf-8"?><testsuites name="pytest tests"><testsuite name="pytest" errors="0" failures="0" skipped="0" tests="13" time="2.074" timestamp="2026-09-15T10:59:15.034296+00:00" hostname="agent-env-c67887fa-4165-4889-acc5-c447617b9f97"><testcase classname="tests.backend_test" name="test_root_provider" time="0.271" /><testcase classname="tests.backend_test" name="test_search_live_returns_items" time="0.075" /><testcase classname="tests.backend_test" name="test_search_live_empty" time="0.066" /><testcase classname="tests.backend_test" name="test_beatles_alias_resolution" time="0.288" /><testcase classname="tests.backend_test" name="test_unknown_query_goes_to_queue_fast" time="0.148" /><testcase classname="tests.backend_test" name="test_get_by_alias_slug" time="0.150" /><testcase classname="tests.backend_test" name="test_get_unknown_slug_404" time="0.072" /><testcase classname="tests.backend_test" name="test_admin_approve_requires_token" time="0.067" /><testcase classname="tests.backend_test" name="test_admin_approve_with_token" time="0.074" /><testcase classname="tests.backend_test" name="test_admin_queue_requires_token" time="0.139" /><testcase classname="tests.backend_test" name="test_explicit_queue_endpoint" time="0.070" /><testcase classname="tests.backend_test" name="test_public_queue_list" time="0.073" /><testcase classname="tests.backend_test" name="test_entities_list" time="0.074" /></testsuite></testsuites>